[T 16:04:48 23476] Reading configuration file D:\codeql-run\rundeck-plugin\rundeck-plugin-dbs\working\tracing\compiler-tracing16164872885508154997.spec...
[T 16:04:48 23476] Initialising tags...
[T 16:04:48 23476] Don't know where to put tags database (CODEQL_EXTRACTOR_CPP_SCRATCH_DIR is not set).
[T 16:04:48 23476] Reading configuration file D:\codeql-run\rundeck-plugin\rundeck-plugin-dbs\working\tracing\compiler-tracing16164872885508154997.spec...
[T 16:04:48 23476] Initialising tags...
[T 16:04:48 23476] Don't know where to put tags database (CODEQL_EXTRACTOR_CPP_SCRATCH_DIR is not set).
[T 16:04:48 23476] ==== Candidate to intercept: F:\codeql-home\codeql-cli\tools\win64\runner.exe ====
[T 16:04:48 516] Reading configuration file D:\codeql-run\rundeck-plugin\rundeck-plugin-dbs\working\tracing\compiler-tracing16164872885508154997.spec...
[T 16:04:48 516] Initialising tags...
[T 16:04:48 516] Don't know where to put tags database (CODEQL_EXTRACTOR_CPP_SCRATCH_DIR is not set).
[T 16:04:48 516] ==== Candidate to intercept: C:\Windows\System32\cmd.exe ====
[T 16:04:48 23544] Reading configuration file D:\codeql-run\rundeck-plugin\rundeck-plugin-dbs\working\tracing\compiler-tracing16164872885508154997.spec...
[T 16:04:48 23544] Initialising tags...
[T 16:04:48 23544] Don't know where to put tags database (CODEQL_EXTRACTOR_CPP_SCRATCH_DIR is not set).
[T 16:04:48 23544] ==== Candidate to intercept: D:\DevelopmentT00ls\Java\jdk1.8.0_201\bin\java.exe ====
[T 16:04:48 18620] Reading configuration file D:\codeql-run\rundeck-plugin\rundeck-plugin-dbs\working\tracing\compiler-tracing16164872885508154997.spec...
[T 16:04:48 18620] Initialising tags...
[T 16:04:48 18620] Don't know where to put tags database (CODEQL_EXTRACTOR_CPP_SCRATCH_DIR is not set).
[T 16:04:48 18620] Passing through -javaagent:F:\codeql-home\codeql-cli\java\tools/codeql-java-agent.jar=ignore-project,java to underlying JVM.
[T 16:04:48 18620] Passing through -Xbootclasspath/a:F:\codeql-home\codeql-cli\java\tools/codeql-java-agent.jar to underlying JVM.
[T 16:04:48 18620] Intercepted JVM creation with extra hidden args: ['-javaagent:F:\codeql-home\codeql-cli\java\tools/codeql-java-agent.jar=ignore-project,java' '-Xbootclasspath/a:F:\codeql-home\codeql-cli\java\tools/codeql-java-agent.jar'] (result: 1, 0).
[T 16:05:06 18620] ==== Candidate to intercept: D:\DevelopmentT00ls\Java\jdk1.8.0_201\bin\javadoc.exe ====
[T 16:05:06 23400] Reading configuration file D:\codeql-run\rundeck-plugin\rundeck-plugin-dbs\working\tracing\compiler-tracing16164872885508154997.spec...
[T 16:05:06 23400] Initialising tags...
[T 16:05:06 23400] Don't know where to put tags database (CODEQL_EXTRACTOR_CPP_SCRATCH_DIR is not set).
[T 16:05:06 23400] Passing through -javaagent:F:\codeql-home\codeql-cli\java\tools/codeql-java-agent.jar=ignore-project,java to underlying JVM.
[T 16:05:06 23400] Passing through -Xbootclasspath/a:F:\codeql-home\codeql-cli\java\tools/codeql-java-agent.jar to underlying JVM.
[T 16:05:06 23400] Intercepted JVM creation with extra hidden args: ['-javaagent:F:\codeql-home\codeql-cli\java\tools/codeql-java-agent.jar=ignore-project,java' '-Xbootclasspath/a:F:\codeql-home\codeql-cli\java\tools/codeql-java-agent.jar'] (result: 1, 0).
[T 16:05:06 18620] ==== Candidate to intercept: D:\DevelopmentT00ls\Java\jdk1.8.0_201\bin\javadoc.exe ====
[T 16:05:06 8992] Reading configuration file D:\codeql-run\rundeck-plugin\rundeck-plugin-dbs\working\tracing\compiler-tracing16164872885508154997.spec...
[T 16:05:06 8992] Initialising tags...
[T 16:05:06 8992] Don't know where to put tags database (CODEQL_EXTRACTOR_CPP_SCRATCH_DIR is not set).
[T 16:05:06 8992] Passing through -javaagent:F:\codeql-home\codeql-cli\java\tools/codeql-java-agent.jar=ignore-project,java to underlying JVM.
[T 16:05:06 8992] Passing through -Xbootclasspath/a:F:\codeql-home\codeql-cli\java\tools/codeql-java-agent.jar to underlying JVM.
[T 16:05:06 8992] Intercepted JVM creation with extra hidden args: ['-javaagent:F:\codeql-home\codeql-cli\java\tools/codeql-java-agent.jar=ignore-project,java' '-Xbootclasspath/a:F:\codeql-home\codeql-cli\java\tools/codeql-java-agent.jar'] (result: 1, 0).
[T 16:05:14 18620] ==== Candidate to intercept: F:\codeql-home\codeql-cli\java\tools\windows\jdk-extractor-java\bin\java.exe ====
[T 16:05:14 22664] Reading configuration file D:\codeql-run\rundeck-plugin\rundeck-plugin-dbs\working\tracing\compiler-tracing16164872885508154997.spec...
[T 16:05:14 22664] Initialising tags...
[T 16:05:14 22664] Don't know where to put tags database (CODEQL_EXTRACTOR_CPP_SCRATCH_DIR is not set).
[T 16:05:14 22664] Passing through -javaagent:F:\codeql-home\codeql-cli\java\tools/codeql-java-agent.jar=ignore-project,java to underlying JVM.
[T 16:05:14 22664] Passing through -Xbootclasspath/a:F:\codeql-home\codeql-cli\java\tools/codeql-java-agent.jar to underlying JVM.
[T 16:05:15 22664] Intercepted JVM creation with extra hidden args: ['-javaagent:F:\codeql-home\codeql-cli\java\tools/codeql-java-agent.jar=ignore-project,java' '-Xbootclasspath/a:F:\codeql-home\codeql-cli\java\tools/codeql-java-agent.jar'] (result: 1, 0).
[T 16:06:51 18620] ==== Candidate to intercept: F:\codeql-home\codeql-cli\java\tools\windows\jdk-extractor-java\bin\java.exe ====
[T 16:06:51 23188] Reading configuration file D:\codeql-run\rundeck-plugin\rundeck-plugin-dbs\working\tracing\compiler-tracing16164872885508154997.spec...
[T 16:06:51 23188] Initialising tags...
[T 16:06:51 23188] Don't know where to put tags database (CODEQL_EXTRACTOR_CPP_SCRATCH_DIR is not set).
[T 16:06:51 23188] Passing through -javaagent:F:\codeql-home\codeql-cli\java\tools/codeql-java-agent.jar=ignore-project,java to underlying JVM.
[T 16:06:51 23188] Passing through -Xbootclasspath/a:F:\codeql-home\codeql-cli\java\tools/codeql-java-agent.jar to underlying JVM.
[T 16:06:51 23188] Intercepted JVM creation with extra hidden args: ['-javaagent:F:\codeql-home\codeql-cli\java\tools/codeql-java-agent.jar=ignore-project,java' '-Xbootclasspath/a:F:\codeql-home\codeql-cli\java\tools/codeql-java-agent.jar'] (result: 1, 0).
[T 16:07:56 18620] ==== Candidate to intercept: C:\Windows\System32\cmd.exe ====
[T 16:07:56 21216] Reading configuration file D:\codeql-run\rundeck-plugin\rundeck-plugin-dbs\working\tracing\compiler-tracing16164872885508154997.spec...
[T 16:07:56 21216] Initialising tags...
[T 16:07:56 21216] Don't know where to put tags database (CODEQL_EXTRACTOR_CPP_SCRATCH_DIR is not set).
[T 16:07:56 21216] ==== Candidate to intercept: D:\DevelopmentT00ls\Java\jdk1.8.0_201\jre\bin\java.exe ====
[T 16:07:56 6552] Reading configuration file D:\codeql-run\rundeck-plugin\rundeck-plugin-dbs\working\tracing\compiler-tracing16164872885508154997.spec...
[T 16:07:56 6552] Initialising tags...
[T 16:07:56 6552] Don't know where to put tags database (CODEQL_EXTRACTOR_CPP_SCRATCH_DIR is not set).
[T 16:07:56 6552] Passing through -javaagent:F:\codeql-home\codeql-cli\java\tools/codeql-java-agent.jar=ignore-project,java to underlying JVM.
[T 16:07:56 6552] Passing through -Xbootclasspath/a:F:\codeql-home\codeql-cli\java\tools/codeql-java-agent.jar to underlying JVM.
[T 16:07:56 6552] Intercepted JVM creation with extra hidden args: ['-javaagent:F:\codeql-home\codeql-cli\java\tools/codeql-java-agent.jar=ignore-project,java' '-Xbootclasspath/a:F:\codeql-home\codeql-cli\java\tools/codeql-java-agent.jar'] (result: 1, 0).
[T 16:09:18 18620] ==== Candidate to intercept: C:\Windows\System32\cmd.exe ====
[T 16:09:18 22868] Reading configuration file D:\codeql-run\rundeck-plugin\rundeck-plugin-dbs\working\tracing\compiler-tracing16164872885508154997.spec...
[T 16:09:18 22868] Initialising tags...
[T 16:09:18 22868] Don't know where to put tags database (CODEQL_EXTRACTOR_CPP_SCRATCH_DIR is not set).
[T 16:09:18 22868] ==== Candidate to intercept: D:\DevelopmentT00ls\Java\jdk1.8.0_201\jre\bin\java.exe ====
[T 16:09:18 22520] Reading configuration file D:\codeql-run\rundeck-plugin\rundeck-plugin-dbs\working\tracing\compiler-tracing16164872885508154997.spec...
[T 16:09:18 22520] Initialising tags...
[T 16:09:18 22520] Don't know where to put tags database (CODEQL_EXTRACTOR_CPP_SCRATCH_DIR is not set).
[T 16:09:18 22520] Passing through -javaagent:F:\codeql-home\codeql-cli\java\tools/codeql-java-agent.jar=ignore-project,java to underlying JVM.
[T 16:09:18 22520] Passing through -Xbootclasspath/a:F:\codeql-home\codeql-cli\java\tools/codeql-java-agent.jar to underlying JVM.
[T 16:09:19 22520] Intercepted JVM creation with extra hidden args: ['-javaagent:F:\codeql-home\codeql-cli\java\tools/codeql-java-agent.jar=ignore-project,java' '-Xbootclasspath/a:F:\codeql-home\codeql-cli\java\tools/codeql-java-agent.jar'] (result: 1, 0).
[T 16:09:23 18620] ==== Candidate to intercept: C:\Windows\System32\cmd.exe ====
[T 16:09:23 19976] Reading configuration file D:\codeql-run\rundeck-plugin\rundeck-plugin-dbs\working\tracing\compiler-tracing16164872885508154997.spec...
[T 16:09:23 19976] Initialising tags...
[T 16:09:23 19976] Don't know where to put tags database (CODEQL_EXTRACTOR_CPP_SCRATCH_DIR is not set).
[T 16:09:23 19976] ==== Candidate to intercept: D:\DevelopmentT00ls\Java\jdk1.8.0_201\jre\bin\java.exe ====
[T 16:09:23 22380] Reading configuration file D:\codeql-run\rundeck-plugin\rundeck-plugin-dbs\working\tracing\compiler-tracing16164872885508154997.spec...
[T 16:09:23 22380] Initialising tags...
[T 16:09:23 22380] Don't know where to put tags database (CODEQL_EXTRACTOR_CPP_SCRATCH_DIR is not set).
[T 16:09:23 22380] Passing through -javaagent:F:\codeql-home\codeql-cli\java\tools/codeql-java-agent.jar=ignore-project,java to underlying JVM.
[T 16:09:23 22380] Passing through -Xbootclasspath/a:F:\codeql-home\codeql-cli\java\tools/codeql-java-agent.jar to underlying JVM.
[T 16:09:24 22380] Intercepted JVM creation with extra hidden args: ['-javaagent:F:\codeql-home\codeql-cli\java\tools/codeql-java-agent.jar=ignore-project,java' '-Xbootclasspath/a:F:\codeql-home\codeql-cli\java\tools/codeql-java-agent.jar'] (result: 1, 0).
[T 16:10:16 18620] ==== Candidate to intercept: C:\Windows\System32\cmd.exe ====
[T 16:10:16 16528] Reading configuration file D:\codeql-run\rundeck-plugin\rundeck-plugin-dbs\working\tracing\compiler-tracing16164872885508154997.spec...
[T 16:10:16 16528] Initialising tags...
[T 16:10:16 16528] Don't know where to put tags database (CODEQL_EXTRACTOR_CPP_SCRATCH_DIR is not set).
[T 16:10:17 16528] ==== Candidate to intercept: D:\DevelopmentT00ls\Java\jdk1.8.0_201\jre\bin\java.exe ====
[T 16:10:17 17860] Reading configuration file D:\codeql-run\rundeck-plugin\rundeck-plugin-dbs\working\tracing\compiler-tracing16164872885508154997.spec...
[T 16:10:17 17860] Initialising tags...
[T 16:10:17 17860] Don't know where to put tags database (CODEQL_EXTRACTOR_CPP_SCRATCH_DIR is not set).
[T 16:10:17 17860] Passing through -javaagent:F:\codeql-home\codeql-cli\java\tools/codeql-java-agent.jar=ignore-project,java to underlying JVM.
[T 16:10:17 17860] Passing through -Xbootclasspath/a:F:\codeql-home\codeql-cli\java\tools/codeql-java-agent.jar to underlying JVM.
[T 16:10:18 17860] Intercepted JVM creation with extra hidden args: ['-javaagent:F:\codeql-home\codeql-cli\java\tools/codeql-java-agent.jar=ignore-project,java' '-Xbootclasspath/a:F:\codeql-home\codeql-cli\java\tools/codeql-java-agent.jar'] (result: 1, 0).
[T 16:11:48 18620] ==== Candidate to intercept: C:\Windows\System32\cmd.exe ====
[T 16:11:49 12904] Reading configuration file D:\codeql-run\rundeck-plugin\rundeck-plugin-dbs\working\tracing\compiler-tracing16164872885508154997.spec...
[T 16:11:49 12904] Initialising tags...
[T 16:11:49 12904] Don't know where to put tags database (CODEQL_EXTRACTOR_CPP_SCRATCH_DIR is not set).
[T 16:11:49 12904] ==== Candidate to intercept: D:\DevelopmentT00ls\Java\jdk1.8.0_201\jre\bin\java.exe ====
[T 16:11:49 22364] Reading configuration file D:\codeql-run\rundeck-plugin\rundeck-plugin-dbs\working\tracing\compiler-tracing16164872885508154997.spec...
[T 16:11:49 22364] Initialising tags...
[T 16:11:49 22364] Don't know where to put tags database (CODEQL_EXTRACTOR_CPP_SCRATCH_DIR is not set).
[T 16:11:49 22364] Passing through -javaagent:F:\codeql-home\codeql-cli\java\tools/codeql-java-agent.jar=ignore-project,java to underlying JVM.
[T 16:11:49 22364] Passing through -Xbootclasspath/a:F:\codeql-home\codeql-cli\java\tools/codeql-java-agent.jar to underlying JVM.
[T 16:11:49 22364] Intercepted JVM creation with extra hidden args: ['-javaagent:F:\codeql-home\codeql-cli\java\tools/codeql-java-agent.jar=ignore-project,java' '-Xbootclasspath/a:F:\codeql-home\codeql-cli\java\tools/codeql-java-agent.jar'] (result: 1, 0).
[T 16:13:59 23544] ==== Candidate to intercept: C:\Windows\System32\cmd.exe ====
[T 16:13:59 5968] Reading configuration file D:\codeql-run\rundeck-plugin\rundeck-plugin-dbs\working\tracing\compiler-tracing16164872885508154997.spec...
[T 16:13:59 5968] Initialising tags...
[T 16:13:59 5968] Don't know where to put tags database (CODEQL_EXTRACTOR_CPP_SCRATCH_DIR is not set).
